<?xml version="1.0" encoding="UTF-8"?>
<!-- Generated by org.testng.reporters.JUnitReportReporter -->
<testsuite skipped="0" hostname="ismail" name="PeginationHelperUnitTest" tests="1" failures="0" timestamp="06 Apr 2021 03:45:51 GMT" time="0.000" errors="0">
  <testcase name="test" time="0.000" classname="PeginationHelperUnitTest"/>
</testsuite> <!-- PeginationHelperUnitTest -->
